<?xml version="1.0" encoding="utf-8" standalone="no"?>
<!--This file represents the results of running a test suite-->
<test-results name="C:\code\ripple\src\ripple.Testing\bin\debug\ripple.Testing.dll" total="55" errors="0" failures="0" not-run="0" inconclusive="0" ignored="0" skipped="0" invalid="0" date="2011-09-10" time="17:58:01">
  <environment nunit-version="2.5.10.11092" clr-version="2.0.50727.5446" os-version="Microsoft Windows NT 6.1.7601 Service Pack 1" platform="Win32NT" cwd="C:\code\ripple" machine-name="SHADETREE" user="jeremy" user-domain="ShadeTree" />
  <culture-info current-culture="en-US" current-uiculture="en-US" />
  <test-suite type="Assembly" name="C:\code\ripple\src\ripple.Testing\bin\debug\ripple.Testing.dll" executed="True" result="Success" success="True" time="5.404" asserts="0">
    <results>
      <test-suite type="Namespace" name="ripple" executed="True" result="Success" success="True" time="5.390" asserts="0">
        <results>
          <test-suite type="Namespace" name="Testing" executed="True" result="Success" success="True" time="5.390" asserts="0">
            <results>
              <test-suite type="TestFixture" name="IntegratedChoosingOfRequiredSolutionsTester" executed="True" result="Success" success="True" time="1.868" asserts="0">
                <results>
                  <test-case name="ripple.Testing.IntegratedChoosingOfRequiredSolutionsTester.direct_skips_intermediate_steps" executed="True" result="Success" success="True" time="0.085" asserts="5" />
                  <test-case name="ripple.Testing.IntegratedChoosingOfRequiredSolutionsTester.get_them_all" executed="True" result="Success" success="True" time="0.111" asserts="9" />
                  <test-case name="ripple.Testing.IntegratedChoosingOfRequiredSolutionsTester.set_from_and_to" executed="True" result="Success" success="True" time="0.036" asserts="7" />
                  <test-case name="ripple.Testing.IntegratedChoosingOfRequiredSolutionsTester.set_from_and_to_2" executed="True" result="Success" success="True" time="0.001" asserts="6" />
                  <test-case name="ripple.Testing.IntegratedChoosingOfRequiredSolutionsTester.set_from_and_to_3" executed="True" result="Success" success="True" time="0.000" asserts="7" />
                  <test-case name="ripple.Testing.IntegratedChoosingOfRequiredSolutionsTester.set_from_and_to_4" executed="True" result="Success" success="True" time="0.001" asserts="6" />
                  <test-case name="ripple.Testing.IntegratedChoosingOfRequiredSolutionsTester.start_at_a_project" executed="True" result="Success" success="True" time="0.001" asserts="6" />
                  <test-case name="ripple.Testing.IntegratedChoosingOfRequiredSolutionsTester.start_at_a_project_2" executed="True" result="Success" success="True" time="0.000" asserts="7" />
                  <test-case name="ripple.Testing.IntegratedChoosingOfRequiredSolutionsTester.start_at_a_project_skips_projects_that_are_not_dependent_on_the_from" executed="True" result="Success" success="True" time="0.001" asserts="5" />
                  <test-case name="ripple.Testing.IntegratedChoosingOfRequiredSolutionsTester.stop_at_a_project_2" executed="True" result="Success" success="True" time="0.002" asserts="8" />
                  <test-case name="ripple.Testing.IntegratedChoosingOfRequiredSolutionsTester.stop_at_a_project_3" executed="True" result="Success" success="True" time="0.001" asserts="9" />
                  <test-case name="ripple.Testing.IntegratedChoosingOfRequiredSolutionsTester.stop_at_a_to_project" executed="True" result="Success" success="True" time="0.001" asserts="6" />
                  <test-case name="ripple.Testing.IntegratedChoosingOfRequiredSolutionsTester.throw_invalid_solution_if_from_does_not_exist" executed="True" result="Success" success="True" time="0.005" asserts="2" />
                  <test-case name="ripple.Testing.IntegratedChoosingOfRequiredSolutionsTester.throw_invalid_solution_if_to_does_not_exist" executed="True" result="Success" success="True" time="0.001" asserts="2" />
                  <test-case name="ripple.Testing.IntegratedChoosingOfRequiredSolutionsTester.trying_direct_option_without_a_From" executed="True" result="Success" success="True" time="0.001" asserts="2" />
                  <test-case name="ripple.Testing.IntegratedChoosingOfRequiredSolutionsTester.trying_direct_option_without_a_To" executed="True" result="Success" success="True" time="0.001" asserts="2" />
                </results>
              </test-suite>
              <test-suite type="TestFixture" name="IntegratedRipplePlanCreationTester" executed="True" result="Success" success="True" time="0.305" asserts="0">
                <results>
                  <test-case name="ripple.Testing.IntegratedRipplePlanCreationTester.create_a_direct_plan" executed="True" result="Success" success="True" time="0.030" asserts="8" />
                  <test-case name="ripple.Testing.IntegratedRipplePlanCreationTester.create_a_plan_for_only_two_projects" executed="True" result="Success" success="True" time="0.001" asserts="7" />
                  <test-case name="ripple.Testing.IntegratedRipplePlanCreationTester.create_a_plan_for_setting_from_and_to" executed="True" result="Success" success="True" time="0.001" asserts="14" />
                </results>
              </test-suite>
              <test-suite type="TestFixture" name="IntegratedSolutionDependencyQueryTester" executed="True" result="Success" success="True" time="0.280" asserts="0">
                <results>
                  <test-case name="ripple.Testing.IntegratedSolutionDependencyQueryTester.depends_on_negative" executed="True" result="Success" success="True" time="0.002" asserts="4" />
                  <test-case name="ripple.Testing.IntegratedSolutionDependencyQueryTester.depends_on_positive" executed="True" result="Success" success="True" time="0.000" asserts="5" />
                </results>
              </test-suite>
              <test-suite type="TestFixture" name="IntegratedSolutionGraphTester" executed="True" result="Success" success="True" time="0.372" asserts="0">
                <results>
                  <test-case name="ripple.Testing.IntegratedSolutionGraphTester.can_read_from_a_ripple_folder_by_going_up_one" executed="True" result="Success" success="True" time="0.067" asserts="9" />
                  <test-case name="ripple.Testing.IntegratedSolutionGraphTester.can_read_from_a_root_get_folder" executed="True" result="Success" success="True" time="0.071" asserts="9" />
                  <test-case name="ripple.Testing.IntegratedSolutionGraphTester.can_return_the_solutions_in_dependency_order" executed="True" result="Success" success="True" time="0.001" asserts="9" />
                  <test-case name="ripple.Testing.IntegratedSolutionGraphTester.find_nuget_spec_works" executed="True" result="Success" success="True" time="0.001" asserts="1" />
                  <test-case name="ripple.Testing.IntegratedSolutionGraphTester.has_read_all_the_published_nuget_specs" executed="True" result="Success" success="True" time="0.002" asserts="20" />
                  <test-case name="ripple.Testing.IntegratedSolutionGraphTester.solution_graph_can_find_nuget_specs" executed="True" result="Success" success="True" time="0.001" asserts="4" />
                  <test-case name="ripple.Testing.IntegratedSolutionGraphTester.solution_graph_happily_returns_null_for_nugets_that_are_not_published_from_any_of_the_contained_projects" executed="True" result="Success" success="True" time="0.002" asserts="2" />
                  <test-case name="ripple.Testing.IntegratedSolutionGraphTester.solutions_list_their_dependencies" executed="True" result="Success" success="True" time="0.004" asserts="20" />
                </results>
              </test-suite>
              <test-suite type="Namespace" name="Model" executed="True" result="Success" success="True" time="0.882" asserts="0">
                <results>
                  <test-suite type="TestFixture" name="NuspecDocumentTester" executed="True" result="Success" success="True" time="0.881" asserts="0">
                    <results>
                      <test-case name="ripple.Testing.Model.NuspecDocumentTester.can_change_the_name" executed="True" result="Success" success="True" time="0.254" asserts="1" />
                      <test-case name="ripple.Testing.Model.NuspecDocumentTester.can_read_the_name" executed="True" result="Success" success="True" time="0.213" asserts="1" />
                      <test-case name="ripple.Testing.Model.NuspecDocumentTester.make_edge" executed="True" result="Success" success="True" time="0.204" asserts="2" />
                      <test-case name="ripple.Testing.Model.NuspecDocumentTester.make_release" executed="True" result="Success" success="True" time="0.204" asserts="2" />
                    </results>
                  </test-suite>
                </results>
              </test-suite>
              <test-suite type="TestFixture" name="NugetDependencyTester" executed="True" result="Success" success="True" time="0.004" asserts="0">
                <results>
                  <test-case name="ripple.Testing.NugetDependencyTester.read_from_a_file" executed="True" result="Success" success="True" time="0.003" asserts="6" />
                </results>
              </test-suite>
              <test-suite type="TestFixture" name="NugetSpecTester" executed="True" result="Success" success="True" time="0.017" asserts="0">
                <results>
                  <test-case name="ripple.Testing.NugetSpecTester.read_the_published_assembly_correctly" executed="True" result="Success" success="True" time="0.006" asserts="2" />
                  <test-case name="ripple.Testing.NugetSpecTester.should_read_all_the_dependencies" executed="True" result="Success" success="True" time="0.001" asserts="9" />
                  <test-case name="ripple.Testing.NugetSpecTester.should_read_all_the_published_assemblies" executed="True" result="Success" success="True" time="0.002" asserts="5" />
                  <test-case name="ripple.Testing.NugetSpecTester.should_read_the_name" executed="True" result="Success" success="True" time="0.001" asserts="1" />
                </results>
              </test-suite>
              <test-suite type="TestFixture" name="ProjectTester" executed="True" result="Success" success="True" time="0.522" asserts="0">
                <results>
                  <test-case name="ripple.Testing.ProjectTester.clean_should_clear_out_both_the_bin_and_obj_folders" executed="True" result="Success" success="True" time="0.514" asserts="0" />
                  <test-case name="ripple.Testing.ProjectTester.project_name" executed="True" result="Success" success="True" time="0.001" asserts="1" />
                  <test-case name="ripple.Testing.ProjectTester.read_from" executed="True" result="Success" success="True" time="0.002" asserts="6" />
                </results>
              </test-suite>
              <test-suite type="TestFixture" name="SolutionTester" executed="True" result="Success" success="True" time="0.060" asserts="0">
                <results>
                  <test-case name="ripple.Testing.SolutionTester.add_a_nuget_spec_should_add_it_to_the_collection_and_set_itself_as_the_publisher_to_the_spec" executed="True" result="Success" success="True" time="0.007" asserts="1" />
                  <test-case name="ripple.Testing.SolutionTester.clean_deletes_the_packages_folder_in_all_mode" executed="True" result="Success" success="True" time="0.008" asserts="0" />
                  <test-case name="ripple.Testing.SolutionTester.clean_deletes_the_packages_folder_in_packages_mode" executed="True" result="Success" success="True" time="0.002" asserts="0" />
                  <test-case name="ripple.Testing.SolutionTester.clean_does_not_delete_the_packages_folder_in_projects_mode" executed="True" result="Success" success="True" time="0.004" asserts="0" />
                  <test-case name="ripple.Testing.SolutionTester.create_process_for_fast_build" executed="True" result="Success" success="True" time="0.017" asserts="3" />
                  <test-case name="ripple.Testing.SolutionTester.create_process_info_for_full_build" executed="True" result="Success" success="True" time="0.002" asserts="3" />
                  <test-case name="ripple.Testing.SolutionTester.get_nuget_directory" executed="True" result="Success" success="True" time="0.007" asserts="1" />
                </results>
              </test-suite>
              <test-suite type="TestFixture" name="when_executing_and_the_build_fails" executed="True" result="Success" success="True" time="0.081" asserts="0">
                <results>
                  <test-case name="ripple.Testing.when_executing_and_the_build_fails.should_trace_how_to_open_the_solution" executed="True" result="Success" success="True" time="0.080" asserts="3" />
                </results>
              </test-suite>
              <test-suite type="TestFixture" name="when_executing_successfully" executed="True" result="Success" success="True" time="0.007" asserts="0">
                <results>
                  <test-case name="ripple.Testing.when_executing_successfully.should_build_the_actual_solution_with_the_runner" executed="True" result="Success" success="True" time="0.002" asserts="0" />
                  <test-case name="ripple.Testing.when_executing_successfully.should_trace_how_to_open_the_solution" executed="True" result="Success" success="True" time="0.002" asserts="0" />
                </results>
              </test-suite>
              <test-suite type="TestFixture" name="when_reading_a_solution_from_the_file_system" executed="True" result="Success" success="True" time="0.943" asserts="0">
                <results>
                  <test-case name="ripple.Testing.when_reading_a_solution_from_the_file_system.a_project_should_have_all_of_its_nuget_dependencies" executed="True" result="Success" success="True" time="0.214" asserts="9" />
                  <test-case name="ripple.Testing.when_reading_a_solution_from_the_file_system.should_have_the_name_from_the_ripple_file" executed="True" result="Success" success="True" time="0.255" asserts="2" />
                  <test-case name="ripple.Testing.when_reading_a_solution_from_the_file_system.should_load_all_the_projects" executed="True" result="Success" success="True" time="0.234" asserts="8" />
                  <test-case name="ripple.Testing.when_reading_a_solution_from_the_file_system.should_load_the_published_nugets" executed="True" result="Success" success="True" time="0.232" asserts="7" />
                </results>
              </test-suite>
            </results>
          </test-suite>
        </results>
      </test-suite>
    </results>
  </test-suite>
</test-results>